app/mapping.txt
# compiler: R8
# compiler_version: 2.2.64
# min_api: 16
# pg_map_id: 4c8194b
# common_typos_disable
com.example.android_login.BuildConfig -> com.example.android_login.a:
    int VERSION_CODE -> d
    boolean DEBUG -> a
    java.lang.String BUILD_TYPE -> c
    java.lang.String APPLICATION_ID -> b
    java.lang.String VERSION_NAME -> e
    7:7:void <clinit>() -> <clinit>
    6:6:void <init>() -> <init>
com.example.android_login.MainActivity -> com.example.android_login.MainActivity:
    android.widget.EditText password_txt -> B
    android.widget.EditText username_txt -> A
    android.widget.Button signup_btn -> D
    android.widget.Button signin_btn -> C
    com.example.android_login.SQLiteConnector sql_connect -> E
    14:21:void <init>() -> <init>
    14:14:android.widget.EditText access$000(com.example.android_login.MainActivity) -> V
    14:14:android.widget.EditText access$100(com.example.android_login.MainActivity) -> W
    14:14:boolean access$200(com.example.android_login.MainActivity,java.lang.String,java.lang.String) -> X
    24:40:boolean check_signin(java.lang.String,java.lang.String) -> Y
    44:86:void onCreate(android.os.Bundle) -> onCreate
com.example.android_login.MainActivity$1 -> com.example.android_login.MainActivity$a:
    com.example.android_login.MainActivity this$0 -> b
    62:62:void <init>(com.example.android_login.MainActivity) -> <init>
    66:68:void onClick(android.view.View) -> onClick
com.example.android_login.MainActivity$2 -> com.example.android_login.MainActivity$b:
    com.example.android_login.MainActivity this$0 -> b
    71:71:void <init>(com.example.android_login.MainActivity) -> <init>
    75:84:void onClick(android.view.View) -> onClick
com.example.android_login.R -> com.example.android_login.b:
com.example.android_login.R$anim -> com.example.android_login.b$a:
    int btn_checkbox_to_checked_box_outer_merged_animation -> n
    int abc_tooltip_exit -> l
    int abc_slide_out_top -> j
    int abc_slide_in_top -> h
    int abc_shrink_fade_out_from_bottom -> f
    int abc_popup_enter -> d
    int mtrl_card_lowers_interpolator -> E
    int abc_fade_out -> b
    int mtrl_bottom_sheet_slide_in -> C
    int design_snackbar_in -> A
    int design_bottom_sheet_slide_in -> y
    int btn_radio_to_on_mtrl_ring_outer_animation -> w
    int btn_radio_to_off_mtrl_ring_outer_path_animation -> u
    int btn_radio_to_off_mtrl_dot_group_animation -> s
    int btn_checkbox_to_unchecked_check_path_merged_animation -> q
    int btn_checkbox_to_checked_icon_null_animation -> o
    int btn_checkbox_to_checked_box_inner_merged_animation -> m
    int abc_tooltip_enter -> k
    int abc_slide_out_bottom -> i
    int abc_slide_in_bottom -> g
    int mtrl_bottom_sheet_slide_out -> D
    int abc_popup_exit -> e
    int design_snackbar_out -> B
    int abc_grow_fade_in_from_bottom -> c
    int abc_fade_in -> a
    int design_bottom_sheet_slide_out -> z
    int btn_radio_to_on_mtrl_ring_outer_path_animation -> x
    int btn_radio_to_on_mtrl_dot_group_animation -> v
    int btn_radio_to_off_mtrl_ring_outer_animation -> t
    int btn_checkbox_to_unchecked_icon_null_animation -> r
    int btn_checkbox_to_unchecked_box_inner_merged_animation -> p
...
androidx.dynamicanimation.animation.DynamicAnimation$5 -> a.l.b.b$k:
    117:117:void <init>(java.lang.String) -> <init>
    125:125:float getValue(android.view.View) -> a
    120:121:void setValue(android.view.View,float) -> b
    117:117:float getValue(java.lang.Object) -> getValue
    117:117:void setValue(java.lang.Object,float) -> setValue
androidx.dynamicanimation.animation.DynamicAnimation$6 -> a.l.b.b$l:
    132:132:void <init>(java.lang.String) -> <init>
    140:140:float getValue(android.view.View) -> a
    135:136:void setValue(android.view.View,float) -> b
    132:132:float getValue(java.lang.Object) -> getValue
    132:132:void setValue(java.lang.Object,float) -> setValue
androidx.dynamicanimation.animation.DynamicAnimation$7 -> a.l.b.b$m:
    147:147:void <init>(java.lang.String) -> <init>
    155:155:float getValue(android.view.View) -> a
    150:151:void setValue(android.view.View,float) -> b
    147:147:float getValue(java.lang.Object) -> getValue
    147:147:void setValue(java.lang.Object,float) -> setValue
androidx.dynamicanimation.animation.DynamicAnimation$8 -> a.l.b.b$n:
    162:162:void <init>(java.lang.String) -> <init>
    170:170:float getValue(android.view.View) -> a
    165:166:void setValue(android.view.View,float) -> b
    162:162:float getValue(java.lang.Object) -> getValue
    162:162:void setValue(java.lang.Object,float) -> setValue
androidx.dynamicanimation.animation.DynamicAnimation$9 -> a.l.b.b$o:
    177:177:void <init>(java.lang.String) -> <init>
    185:185:float getValue(android.view.View) -> a
    180:181:void setValue(android.view.View,float) -> b
    177:177:float getValue(java.lang.Object) -> getValue
    177:177:void setValue(java.lang.Object,float) -> setValue
androidx.dynamicanimation.animation.DynamicAnimation$MassState -> a.l.b.b$p:
    float mVelocity -> b
    float mValue -> a
    323:323:void <init>() -> <init>
androidx.dynamicanimation.animation.DynamicAnimation$OnAnimationEndListener -> a.l.b.b$q:
    void onAnimationEnd(androidx.dynamicanimation.animation.DynamicAnimation,boolean,float,float) -> a
androidx.dynamicanimation.animation.DynamicAnimation$OnAnimationUpdateListener -> a.l.b.b$r:
    void onAnimationUpdate(androidx.dynamicanimation.animation.DynamicAnimation,float,float) -> a
androidx.dynamicanimation.animation.DynamicAnimation$ViewProperty -> a.l.b.b$s:
    48:48:void <init>(java.lang.String,androidx.dynamicanimation.animation.DynamicAnimation$1) -> <init>
    50:51:void <init>(java.lang.String) -> <init>
androidx.dynamicanimation.animation.FlingAnimation -> a.l.b.c:
    androidx.dynamicanimation.animation.FlingAnimation$DragForce mFlingForce -> G
    43:60:void <init>(androidx.dynamicanimation.animation.FloatValueHolder) -> <init>
    43:72:void <init>(java.lang.Object,androidx.dynamicanimation.animation.FloatPropertyCompat) -> <init>
    84:88:androidx.dynamicanimation.animation.FlingAnimation setFriction(float) -> A
    123:124:androidx.dynamicanimation.animation.FlingAnimation setMaxValue(float) -> B
    110:111:androidx.dynamicanimation.animation.FlingAnimation setMinValue(float) -> C
    150:151:androidx.dynamicanimation.animation.FlingAnimation setStartVelocity(float) -> D
    179:179:float getAcceleration(float,float) -> f
    184:186:boolean isAtEquilibrium(float,float) -> j
    41:41:androidx.dynamicanimation.animation.DynamicAnimation setMaxValue(float) -> p
    41:41:androidx.dynamicanimation.animation.DynamicAnimation setMinValue(float) -> q
    41:41:androidx.dynamicanimation.animation.DynamicAnimation setStartVelocity(float) -> u
    191:192:void setValueThreshold(float) -> v
    157:174:boolean updateValueAndVelocity(long) -> y
    98:98:float getFriction() -> z